Determining if the pthread_create exist failed with the following output:
Change Dir: /home/thiago/Área de Trabalho/crow-template/build/CMakeFiles/CMakeTmp

Run Build Command:"/usr/bin/make" "cmTC_5513b/fast"
/usr/bin/make -f CMakeFiles/cmTC_5513b.dir/build.make CMakeFiles/cmTC_5513b.dir/build
make[1]: Entering directory '/home/thiago/Área de Trabalho/crow-template/build/CMakeFiles/CMakeTmp'
Building C object CMakeFiles/cmTC_5513b.dir/CheckSymbolExists.c.o
/usr/bin/cc    -o CMakeFiles/cmTC_5513b.dir/CheckSymbolExists.c.o   -c "/home/thiago/Área de Trabalho/crow-template/build/CMakeFiles/CMakeTmp/CheckSymbolExists.c"
Linking C executable cmTC_5513b
/usr/bin/cmake -E cmake_link_script CMakeFiles/cmTC_5513b.dir/link.txt --verbose=1
/usr/bin/cc      -rdynamic CMakeFiles/cmTC_5513b.dir/CheckSymbolExists.c.o  -o cmTC_5513b 
CMakeFiles/cmTC_5513b.dir/CheckSymbolExists.c.o: Na função "main":
CheckSymbolExists.c:(.text+0x1b): referência não definida para "pthread_create"
collect2: error: ld returned 1 exit status
CMakeFiles/cmTC_5513b.dir/build.make:97: recipe for target 'cmTC_5513b' failed
make[1]: *** [cmTC_5513b] Error 1
make[1]: Leaving directory '/home/thiago/Área de Trabalho/crow-template/build/CMakeFiles/CMakeTmp'
Makefile:126: recipe for target 'cmTC_5513b/fast' failed
make: *** [cmTC_5513b/fast] Error 2

File /home/thiago/Área de Trabalho/crow-template/build/CMakeFiles/CMakeTmp/CheckSymbolExists.c:
/* */
#include <pthread.h>

int main(int argc, char** argv)
{
  (void)argv;
#ifndef pthread_create
  return ((int*)(&pthread_create))[argc];
#else
  (void)argc;
  return 0;
#endif
}

Determining if the function pthread_create exists in the pthreads failed with the following output:
Change Dir: /home/thiago/Área de Trabalho/crow-template/build/CMakeFiles/CMakeTmp

Run Build Command:"/usr/bin/make" "cmTC_18891/fast"
/usr/bin/make -f CMakeFiles/cmTC_18891.dir/build.make CMakeFiles/cmTC_18891.dir/build
make[1]: Entering directory '/home/thiago/Área de Trabalho/crow-template/build/CMakeFiles/CMakeTmp'
Building C object CMakeFiles/cmTC_18891.dir/CheckFunctionExists.c.o
/usr/bin/cc   -DCHECK_FUNCTION_EXISTS=pthread_create   -o CMakeFiles/cmTC_18891.dir/CheckFunctionExists.c.o   -c /usr/share/cmake-3.10/Modules/CheckFunctionExists.c
Linking C executable cmTC_18891
/usr/bin/cmake -E cmake_link_script CMakeFiles/cmTC_18891.dir/link.txt --verbose=1
/usr/bin/cc  -DCHECK_FUNCTION_EXISTS=pthread_create    -rdynamic CMakeFiles/cmTC_18891.dir/CheckFunctionExists.c.o  -o cmTC_18891 -lpthreads 
/usr/bin/ld: não foi possível localizar -lpthreads
collect2: error: ld returned 1 exit status
CMakeFiles/cmTC_18891.dir/build.make:97: recipe for target 'cmTC_18891' failed
make[1]: *** [cmTC_18891] Error 1
make[1]: Leaving directory '/home/thiago/Área de Trabalho/crow-template/build/CMakeFiles/CMakeTmp'
Makefile:126: recipe for target 'cmTC_18891/fast' failed
make: *** [cmTC_18891/fast] Error 2


